{
  "stats": {
    "suites": 1,
    "tests": 2,
    "passes": 2,
    "pending": 0,
    "failures": 0,
    "start": "2021-12-31T23:37:42.431Z",
    "end": "2021-12-31T23:37:54.419Z",
    "duration": 11988,
    "testsRegistered": 2,
    "passPercent": 100,
    "pendingPercent": 0,
    "other": 0,
    "hasOther": false,
    "skipped": 0,
    "hasSkipped": false
  },
  "results": [
    {
      "uuid": "369110b7-c3f5-4955-b093-5452e910e116",
      "title": "",
      "fullFile": "cypress/integration/paymentMethod_spec.js",
      "file": "cypress/integration/paymentMethod_spec.js",
      "beforeHooks": [],
      "afterHooks": [],
      "tests": [],
      "suites": [
        {
          "uuid": "2f4637a8-ebd4-421b-bb01-f53fd0bcaa1d",
          "title": "add/remove payment method test suit",
          "fullFile": "",
          "file": "",
          "beforeHooks": [],
          "afterHooks": [],
          "tests": [
            {
              "title": "Should add payment method",
              "fullTitle": "add/remove payment method test suit Should add payment method",
              "timedOut": null,
              "duration": 6983,
              "state": "passed",
              "speed": "medium",
              "pass": true,
              "fail": false,
              "pending": false,
              "context": null,
              "code": "cy.addPaymentMethod();",
              "err": {},
              "uuid": "884b1ec0-6a13-4a56-9205-2462910d7afd",
              "parentUUID": "2f4637a8-ebd4-421b-bb01-f53fd0bcaa1d",
              "isHook": false,
              "skipped": false
            },
            {
              "title": "Should remove payment method/card",
              "fullTitle": "add/remove payment method test suit Should remove payment method/card",
              "timedOut": null,
              "duration": 3434,
              "state": "passed",
              "speed": "fast",
              "pass": true,
              "fail": false,
              "pending": false,
              "context": null,
              "code": "cy.removeCard();",
              "err": {},
              "uuid": "54d3b265-2486-477a-b7e6-3b3df90f5d75",
              "parentUUID": "2f4637a8-ebd4-421b-bb01-f53fd0bcaa1d",
              "isHook": false,
              "skipped": false
            }
          ],
          "suites": [],
          "passes": [
            "884b1ec0-6a13-4a56-9205-2462910d7afd",
            "54d3b265-2486-477a-b7e6-3b3df90f5d75"
          ],
          "failures": [],
          "pending": [],
          "skipped": [],
          "duration": 10417,
          "root": false,
          "rootEmpty": false,
          "_timeout": 2000
        }
      ],
      "passes": [],
      "failures": [],
      "pending": [],
      "skipped": [],
      "duration": 0,
      "root": true,
      "rootEmpty": true,
      "_timeout": 2000
    }
  ],
  "meta": {
    "mocha": {
      "version": "7.0.1"
    },
    "mochawesome": {
      "options": {
        "quiet": false,
        "reportFilename": "mochawesome",
        "saveHtml": false,
        "saveJson": true,
        "consoleReporter": "spec",
        "useInlineDiffs": false,
        "code": true
      },
      "version": "7.0.1"
    },
    "marge": {
      "options": {
        "id": "default",
        "reportDir": "cypress/reports/mocha",
        "quite": true,
        "overwrite": false,
        "html": false,
        "json": true
      },
      "version": "6.0.1"
    }
  }
}