{
  "stats": {
    "suites": 1,
    "tests": 2,
    "passes": 2,
    "pending": 0,
    "failures": 0,
    "start": "2021-12-31T21:14:02.598Z",
    "end": "2021-12-31T21:14:15.745Z",
    "duration": 13147,
    "testsRegistered": 2,
    "passPercent": 100,
    "pendingPercent": 0,
    "other": 0,
    "hasOther": false,
    "skipped": 0,
    "hasSkipped": false
  },
  "results": [
    {
      "uuid": "503ca8e8-31df-4815-baa5-8e27e18b24c5",
      "title": "",
      "fullFile": "cypress/integration/paymentMethod_spec.js",
      "file": "cypress/integration/paymentMethod_spec.js",
      "beforeHooks": [],
      "afterHooks": [],
      "tests": [],
      "suites": [
        {
          "uuid": "e2fccfa2-f8f0-4644-8ff9-4941df8349a4",
          "title": "add/remove payment method test suit",
          "fullFile": "",
          "file": "",
          "beforeHooks": [],
          "afterHooks": [],
          "tests": [
            {
              "title": "Should add payment method",
              "fullTitle": "add/remove payment method test suit Should add payment method",
              "timedOut": null,
              "duration": 7580,
              "state": "passed",
              "speed": "medium",
              "pass": true,
              "fail": false,
              "pending": false,
              "context": null,
              "code": "cy.addPaymentMethod();",
              "err": {},
              "uuid": "8b84c3ba-9954-464f-82c5-6434d48a386f",
              "parentUUID": "e2fccfa2-f8f0-4644-8ff9-4941df8349a4",
              "isHook": false,
              "skipped": false
            },
            {
              "title": "Should remove payment method/card",
              "fullTitle": "add/remove payment method test suit Should remove payment method/card",
              "timedOut": null,
              "duration": 3864,
              "state": "passed",
              "speed": "fast",
              "pass": true,
              "fail": false,
              "pending": false,
              "context": null,
              "code": "cy.removeCard();",
              "err": {},
              "uuid": "4e580186-8d23-40fa-bb82-cdc3aecda0de",
              "parentUUID": "e2fccfa2-f8f0-4644-8ff9-4941df8349a4",
              "isHook": false,
              "skipped": false
            }
          ],
          "suites": [],
          "passes": [
            "8b84c3ba-9954-464f-82c5-6434d48a386f",
            "4e580186-8d23-40fa-bb82-cdc3aecda0de"
          ],
          "failures": [],
          "pending": [],
          "skipped": [],
          "duration": 11444,
          "root": false,
          "rootEmpty": false,
          "_timeout": 2000
        }
      ],
      "passes": [],
      "failures": [],
      "pending": [],
      "skipped": [],
      "duration": 0,
      "root": true,
      "rootEmpty": true,
      "_timeout": 2000
    }
  ],
  "meta": {
    "mocha": {
      "version": "7.0.1"
    },
    "mochawesome": {
      "options": {
        "quiet": false,
        "reportFilename": "mochawesome",
        "saveHtml": false,
        "saveJson": true,
        "consoleReporter": "spec",
        "useInlineDiffs": false,
        "code": true
      },
      "version": "7.0.1"
    },
    "marge": {
      "options": {
        "id": "default",
        "reportDir": "cypress/reports/mocha",
        "quite": true,
        "overwrite": false,
        "html": false,
        "json": true
      },
      "version": "6.0.1"
    }
  }
}