{
  "stats": {
    "suites": 1,
    "tests": 1,
    "passes": 1,
    "pending": 0,
    "failures": 0,
    "start": "2021-12-31T21:13:28.890Z",
    "end": "2021-12-31T21:13:35.302Z",
    "duration": 6412,
    "testsRegistered": 1,
    "passPercent": 100,
    "pendingPercent": 0,
    "other": 0,
    "hasOther": false,
    "skipped": 0,
    "hasSkipped": false
  },
  "results": [
    {
      "uuid": "99416451-b4cd-435c-b32e-ae9d3b8bd2da",
      "title": "",
      "fullFile": "cypress/integration/login_spec.js",
      "file": "cypress/integration/login_spec.js",
      "beforeHooks": [],
      "afterHooks": [],
      "tests": [],
      "suites": [
        {
          "uuid": "fa43d086-eda4-4ebe-b9fa-82706fd1bba8",
          "title": "login/logout test suit",
          "fullFile": "",
          "file": "",
          "beforeHooks": [],
          "afterHooks": [],
          "tests": [
            {
              "title": "Should login and logout succussfully",
              "fullTitle": "login/logout test suit Should login and logout succussfully",
              "timedOut": null,
              "duration": 4723,
              "state": "passed",
              "speed": "fast",
              "pass": true,
              "fail": false,
              "pending": false,
              "context": null,
              "code": "cy.login();\ncy.signout();",
              "err": {},
              "uuid": "13d8c939-6dc4-4e30-9439-7cb3f7c63534",
              "parentUUID": "fa43d086-eda4-4ebe-b9fa-82706fd1bba8",
              "isHook": false,
              "skipped": false
            }
          ],
          "suites": [],
          "passes": [
            "13d8c939-6dc4-4e30-9439-7cb3f7c63534"
          ],
          "failures": [],
          "pending": [],
          "skipped": [],
          "duration": 4723,
          "root": false,
          "rootEmpty": false,
          "_timeout": 2000
        }
      ],
      "passes": [],
      "failures": [],
      "pending": [],
      "skipped": [],
      "duration": 0,
      "root": true,
      "rootEmpty": true,
      "_timeout": 2000
    }
  ],
  "meta": {
    "mocha": {
      "version": "7.0.1"
    },
    "mochawesome": {
      "options": {
        "quiet": false,
        "reportFilename": "mochawesome",
        "saveHtml": false,
        "saveJson": true,
        "consoleReporter": "spec",
        "useInlineDiffs": false,
        "code": true
      },
      "version": "7.0.1"
    },
    "marge": {
      "options": {
        "id": "default",
        "reportDir": "cypress/reports/mocha",
        "quite": true,
        "overwrite": false,
        "html": false,
        "json": true
      },
      "version": "6.0.1"
    }
  }
}