{
  "stats": {
    "suites": 1,
    "tests": 1,
    "passes": 1,
    "pending": 0,
    "failures": 0,
    "start": "2021-12-31T23:37:20.270Z",
    "end": "2021-12-31T23:37:36.469Z",
    "duration": 16199,
    "testsRegistered": 1,
    "passPercent": 100,
    "pendingPercent": 0,
    "other": 0,
    "hasOther": false,
    "skipped": 0,
    "hasSkipped": false
  },
  "results": [
    {
      "uuid": "1bdc4f33-9419-455e-9351-a2a0f2a3c16b",
      "title": "",
      "fullFile": "cypress/integration/makePayment_spec.js",
      "file": "cypress/integration/makePayment_spec.js",
      "beforeHooks": [],
      "afterHooks": [],
      "tests": [],
      "suites": [
        {
          "uuid": "e68b6e4e-0cb8-40e3-87e6-a00f43ba303e",
          "title": "Make payment test suit",
          "fullFile": "",
          "file": "",
          "beforeHooks": [],
          "afterHooks": [],
          "tests": [
            {
              "title": "should make apayment",
              "fullTitle": "Make payment test suit should make apayment",
              "timedOut": null,
              "duration": 14685,
              "state": "passed",
              "speed": "slow",
              "pass": true,
              "fail": false,
              "pending": false,
              "context": null,
              "code": "cy.makePayment();",
              "err": {},
              "uuid": "2c5951d9-bd39-4566-95f6-b3f2e3aa7eb1",
              "parentUUID": "e68b6e4e-0cb8-40e3-87e6-a00f43ba303e",
              "isHook": false,
              "skipped": false
            }
          ],
          "suites": [],
          "passes": [
            "2c5951d9-bd39-4566-95f6-b3f2e3aa7eb1"
          ],
          "failures": [],
          "pending": [],
          "skipped": [],
          "duration": 14685,
          "root": false,
          "rootEmpty": false,
          "_timeout": 2000
        }
      ],
      "passes": [],
      "failures": [],
      "pending": [],
      "skipped": [],
      "duration": 0,
      "root": true,
      "rootEmpty": true,
      "_timeout": 2000
    }
  ],
  "meta": {
    "mocha": {
      "version": "7.0.1"
    },
    "mochawesome": {
      "options": {
        "quiet": false,
        "reportFilename": "mochawesome",
        "saveHtml": false,
        "saveJson": true,
        "consoleReporter": "spec",
        "useInlineDiffs": false,
        "code": true
      },
      "version": "7.0.1"
    },
    "marge": {
      "options": {
        "id": "default",
        "reportDir": "cypress/reports/mocha",
        "quite": true,
        "overwrite": false,
        "html": false,
        "json": true
      },
      "version": "6.0.1"
    }
  }
}