{
  "stats": {
    "suites": 1,
    "tests": 1,
    "passes": 0,
    "pending": 0,
    "failures": 1,
    "start": "2021-12-31T21:13:40.024Z",
    "end": "2021-12-31T21:13:56.247Z",
    "duration": 16223,
    "testsRegistered": 1,
    "passPercent": 0,
    "pendingPercent": 0,
    "other": 0,
    "hasOther": false,
    "skipped": 0,
    "hasSkipped": false
  },
  "results": [
    {
      "uuid": "0279e07e-d207-441a-b62f-4e3f8fadf120",
      "title": "",
      "fullFile": "cypress/integration/makePayment_spec.js",
      "file": "cypress/integration/makePayment_spec.js",
      "beforeHooks": [],
      "afterHooks": [],
      "tests": [],
      "suites": [
        {
          "uuid": "f8622af9-c3ee-46c4-bb92-349f1577cf17",
          "title": "Make payment test suit",
          "fullFile": "",
          "file": "",
          "beforeHooks": [],
          "afterHooks": [],
          "tests": [
            {
              "title": "should make apayment",
              "fullTitle": "Make payment test suit should make apayment",
              "timedOut": null,
              "duration": 15088,
              "state": "failed",
              "speed": null,
              "pass": false,
              "fail": true,
              "pending": false,
              "context": "{\n  \"title\": \"cypress-mochawesome-reporter-screenshots\",\n  \"value\": [\n    [\n      {\n        \"title\": \"Failed screenshot\",\n        \"value\": \"/makePayment_spec.js/Make payment test suit -- should make apayment (failed).png\"\n      }\n    ]\n  ]\n}",
              "code": "cy.makePayment();",
              "err": {
                "message": "AssertionError: Timed out retrying after 4000ms: Expected to find element: `[data-testid=\"payment-successful-message\"]`, but never found it.",
                "estack": "AssertionError: Timed out retrying after 4000ms: Expected to find element: `[data-testid=\"payment-successful-message\"]`, but never found it.\n    at Context.eval (https://peach-borrower.peach-dev.finance/__cypress/tests?p=cypress/support/index.js:353:56)",
                "diff": null
              },
              "uuid": "24744acc-6897-42be-9c1f-c717e4fec7ee",
              "parentUUID": "f8622af9-c3ee-46c4-bb92-349f1577cf17",
              "isHook": false,
              "skipped": false
            }
          ],
          "suites": [],
          "passes": [],
          "failures": [
            "24744acc-6897-42be-9c1f-c717e4fec7ee"
          ],
          "pending": [],
          "skipped": [],
          "duration": 15088,
          "root": false,
          "rootEmpty": false,
          "_timeout": 2000
        }
      ],
      "passes": [],
      "failures": [],
      "pending": [],
      "skipped": [],
      "duration": 0,
      "root": true,
      "rootEmpty": true,
      "_timeout": 2000
    }
  ],
  "meta": {
    "mocha": {
      "version": "7.0.1"
    },
    "mochawesome": {
      "options": {
        "quiet": false,
        "reportFilename": "mochawesome",
        "saveHtml": false,
        "saveJson": true,
        "consoleReporter": "spec",
        "useInlineDiffs": false,
        "code": true
      },
      "version": "7.0.1"
    },
    "marge": {
      "options": {
        "id": "default",
        "reportDir": "cypress/reports/mocha",
        "quite": true,
        "overwrite": false,
        "html": false,
        "json": true
      },
      "version": "6.0.1"
    }
  }
}