{
  "stats": {
    "suites": 1,
    "tests": 1,
    "passes": 1,
    "pending": 0,
    "failures": 0,
    "start": "2021-12-31T21:06:21.654Z",
    "end": "2021-12-31T21:06:33.275Z",
    "duration": 11621,
    "testsRegistered": 1,
    "passPercent": 100,
    "pendingPercent": 0,
    "other": 0,
    "hasOther": false,
    "skipped": 0,
    "hasSkipped": false
  },
  "results": [
    {
      "uuid": "b1d990a6-594c-4a9f-b2f4-0712046a3cad",
      "title": "",
      "fullFile": "cypress/integration/makePayment_spec.js",
      "file": "cypress/integration/makePayment_spec.js",
      "beforeHooks": [],
      "afterHooks": [],
      "tests": [],
      "suites": [
        {
          "uuid": "5af38766-2b94-4abe-9db1-bd0672b6496b",
          "title": "Make payment test suit",
          "fullFile": "",
          "file": "",
          "beforeHooks": [],
          "afterHooks": [],
          "tests": [
            {
              "title": "should make apayment",
              "fullTitle": "Make payment test suit should make apayment",
              "timedOut": null,
              "duration": 10354,
              "state": "passed",
              "speed": "slow",
              "pass": true,
              "fail": false,
              "pending": false,
              "context": null,
              "code": "cy.makePayment();",
              "err": {},
              "uuid": "0d56cc48-c128-45ac-bded-917f25bcaf62",
              "parentUUID": "5af38766-2b94-4abe-9db1-bd0672b6496b",
              "isHook": false,
              "skipped": false
            }
          ],
          "suites": [],
          "passes": [
            "0d56cc48-c128-45ac-bded-917f25bcaf62"
          ],
          "failures": [],
          "pending": [],
          "skipped": [],
          "duration": 10354,
          "root": false,
          "rootEmpty": false,
          "_timeout": 2000
        }
      ],
      "passes": [],
      "failures": [],
      "pending": [],
      "skipped": [],
      "duration": 0,
      "root": true,
      "rootEmpty": true,
      "_timeout": 2000
    }
  ],
  "meta": {
    "mocha": {
      "version": "7.0.1"
    },
    "mochawesome": {
      "options": {
        "quiet": false,
        "reportFilename": "mochawesome",
        "saveHtml": false,
        "saveJson": true,
        "consoleReporter": "spec",
        "useInlineDiffs": false,
        "code": true
      },
      "version": "7.0.1"
    },
    "marge": {
      "options": {
        "id": "default",
        "reportDir": "cypress/reports/mocha",
        "quite": true,
        "overwrite": false,
        "html": false,
        "json": true
      },
      "version": "6.0.1"
    }
  }
}