{
  "stats": {
    "suites": 3,
    "tests": 4,
    "passes": 4,
    "pending": 0,
    "failures": 0,
    "start": "2021-12-31T21:06:09.099Z",
    "end": "2021-12-31T21:06:54.496Z",
    "duration": 25842,
    "testsRegistered": 4,
    "passPercent": 100,
    "pendingPercent": 0,
    "other": 0,
    "hasOther": false,
    "skipped": 0,
    "hasSkipped": false
  },
  "results": [
    {
      "uuid": "9132dde1-cb1c-4918-ae8a-9819b6908cb0",
      "title": "",
      "fullFile": "cypress/integration/login_spec.js",
      "file": "cypress/integration/login_spec.js",
      "beforeHooks": [],
      "afterHooks": [],
      "tests": [],
      "suites": [
        {
          "uuid": "14237f16-526e-4c19-8469-b64bbbeaca36",
          "title": "login/logout test suit",
          "fullFile": "",
          "file": "",
          "beforeHooks": [],
          "afterHooks": [],
          "tests": [
            {
              "title": "Should login and logout succussfully",
              "fullTitle": "login/logout test suit Should login and logout succussfully",
              "timedOut": null,
              "duration": 4388,
              "state": "passed",
              "speed": "fast",
              "pass": true,
              "fail": false,
              "pending": false,
              "context": null,
              "code": "cy.login();\ncy.signout();",
              "err": {},
              "uuid": "bbae1178-432a-40b7-b1e2-56c7e399d0e3",
              "parentUUID": "14237f16-526e-4c19-8469-b64bbbeaca36",
              "isHook": false,
              "skipped": false
            }
          ],
          "suites": [],
          "passes": [
            "bbae1178-432a-40b7-b1e2-56c7e399d0e3"
          ],
          "failures": [],
          "pending": [],
          "skipped": [],
          "duration": 4388,
          "root": false,
          "rootEmpty": false,
          "_timeout": 2000
        }
      ],
      "passes": [],
      "failures": [],
      "pending": [],
      "skipped": [],
      "duration": 0,
      "root": true,
      "rootEmpty": true,
      "_timeout": 2000
    },
    {
      "uuid": "b1d990a6-594c-4a9f-b2f4-0712046a3cad",
      "title": "",
      "fullFile": "cypress/integration/makePayment_spec.js",
      "file": "cypress/integration/makePayment_spec.js",
      "beforeHooks": [],
      "afterHooks": [],
      "tests": [],
      "suites": [
        {
          "uuid": "5af38766-2b94-4abe-9db1-bd0672b6496b",
          "title": "Make payment test suit",
          "fullFile": "",
          "file": "",
          "beforeHooks": [],
          "afterHooks": [],
          "tests": [
            {
              "title": "should make apayment",
              "fullTitle": "Make payment test suit should make apayment",
              "timedOut": null,
              "duration": 10354,
              "state": "passed",
              "speed": "slow",
              "pass": true,
              "fail": false,
              "pending": false,
              "context": null,
              "code": "cy.makePayment();",
              "err": {},
              "uuid": "0d56cc48-c128-45ac-bded-917f25bcaf62",
              "parentUUID": "5af38766-2b94-4abe-9db1-bd0672b6496b",
              "isHook": false,
              "skipped": false
            }
          ],
          "suites": [],
          "passes": [
            "0d56cc48-c128-45ac-bded-917f25bcaf62"
          ],
          "failures": [],
          "pending": [],
          "skipped": [],
          "duration": 10354,
          "root": false,
          "rootEmpty": false,
          "_timeout": 2000
        }
      ],
      "passes": [],
      "failures": [],
      "pending": [],
      "skipped": [],
      "duration": 0,
      "root": true,
      "rootEmpty": true,
      "_timeout": 2000
    },
    {
      "uuid": "dc67fb3c-1499-49b7-904f-b2342a75131f",
      "title": "",
      "fullFile": "cypress/integration/paymentMethod_spec.js",
      "file": "cypress/integration/paymentMethod_spec.js",
      "beforeHooks": [],
      "afterHooks": [],
      "tests": [],
      "suites": [
        {
          "uuid": "6f3db02c-d6ba-4046-9f9d-5eb7e36d3c3b",
          "title": "add/remove payment method test suit",
          "fullFile": "",
          "file": "",
          "beforeHooks": [],
          "afterHooks": [],
          "tests": [
            {
              "title": "Should add payment method",
              "fullTitle": "add/remove payment method test suit Should add payment method",
              "timedOut": null,
              "duration": 7437,
              "state": "passed",
              "speed": "medium",
              "pass": true,
              "fail": false,
              "pending": false,
              "context": null,
              "code": "cy.addPaymentMethod();",
              "err": {},
              "uuid": "a35c4a0c-ca92-4a95-bf61-61818a2b5c95",
              "parentUUID": "6f3db02c-d6ba-4046-9f9d-5eb7e36d3c3b",
              "isHook": false,
              "skipped": false
            },
            {
              "title": "Should remove payment method/card",
              "fullTitle": "add/remove payment method test suit Should remove payment method/card",
              "timedOut": null,
              "duration": 3663,
              "state": "passed",
              "speed": "fast",
              "pass": true,
              "fail": false,
              "pending": false,
              "context": null,
              "code": "cy.removeCard();",
              "err": {},
              "uuid": "5ea5bcbe-5a2c-4469-bd2e-908f0cf3370a",
              "parentUUID": "6f3db02c-d6ba-4046-9f9d-5eb7e36d3c3b",
              "isHook": false,
              "skipped": false
            }
          ],
          "suites": [],
          "passes": [
            "a35c4a0c-ca92-4a95-bf61-61818a2b5c95",
            "5ea5bcbe-5a2c-4469-bd2e-908f0cf3370a"
          ],
          "failures": [],
          "pending": [],
          "skipped": [],
          "duration": 11100,
          "root": false,
          "rootEmpty": false,
          "_timeout": 2000
        }
      ],
      "passes": [],
      "failures": [],
      "pending": [],
      "skipped": [],
      "duration": 0,
      "root": true,
      "rootEmpty": true,
      "_timeout": 2000
    }
  ],
  "meta": {
    "mocha": {
      "version": "7.0.1"
    },
    "mochawesome": {
      "options": {
        "quiet": false,
        "reportFilename": "mochawesome",
        "saveHtml": false,
        "saveJson": true,
        "consoleReporter": "spec",
        "useInlineDiffs": false,
        "code": true
      },
      "version": "7.0.1"
    },
    "marge": {
      "options": {
        "id": "default",
        "reportDir": "cypress/reports/mocha",
        "quite": true,
        "overwrite": false,
        "html": false,
        "json": true
      },
      "version": "6.0.1"
    }
  }
}